<?xml version="1.0" encoding="UTF-8"?>
<!-- Generated by org.testng.reporters.JUnitXMLReporter -->
<testsuite ignored="0" hostname="DESKTOP-DJ4FDME" failures="0" tests="2" name="Test" time="8.976" errors="0" timestamp="2023-12-05T08:13:29 IST">
  <testcase classname="org.wipro.automation.uo.testcases.LoginScenario" name="validateloginfunct" time="0.418"/>
  <testcase classname="org.wipro.automation.uo.testcases.SignupScenario" name="validatesignupfunct" time="1.167"/>
</testsuite> <!-- Test -->
