<?xml version="1.0" encoding="UTF-8"?>
<testng-results ignored="0" total="2" passed="2" failed="0" skipped="0">
  <reporter-output>
  </reporter-output>
  <suite started-at="2023-12-05T08:13:20 IST" name="Suite" finished-at="2023-12-05T08:13:29 IST" duration-ms="8976">
    <groups>
    </groups>
    <test started-at="2023-12-05T08:13:20 IST" name="Test" finished-at="2023-12-05T08:13:29 IST" duration-ms="8976">
      <class name="org.wipro.automation.uo.testcases.LoginScenario">
        <test-method is-config="true" signature="launchBrowser()[pri:0, instance:org.wipro.automation.uo.testcases.LoginScenario@126253fd]" started-at="2023-12-05T08:13:20 IST" name="launchBrowser" finished-at="2023-12-05T08:13:24 IST" duration-ms="4028" status="PASS">
          <reporter-output>
          </reporter-output>
        </test-method> <!-- launchBrowser -->
        <test-method signature="validateloginfunct()[pri:0, instance:org.wipro.automation.uo.testcases.LoginScenario@126253fd]" started-at="2023-12-05T08:13:24 IST" name="validateloginfunct" finished-at="2023-12-05T08:13:24 IST" duration-ms="418" status="PASS">
          <reporter-output>
          </reporter-output>
        </test-method> <!-- validateloginfunct -->
        <test-method is-config="true" signature="closeBrowser()[pri:0, instance:org.wipro.automation.uo.testcases.LoginScenario@126253fd]" started-at="2023-12-05T08:13:24 IST" name="closeBrowser" finished-at="2023-12-05T08:13:25 IST" duration-ms="264" status="PASS">
          <reporter-output>
          </reporter-output>
        </test-method> <!-- closeBrowser -->
      </class> <!-- org.wipro.automation.uo.testcases.LoginScenario -->
      <class name="org.wipro.automation.uo.testcases.SignupScenario">
        <test-method is-config="true" signature="launchBrowser()[pri:0, instance:org.wipro.automation.uo.testcases.SignupScenario@1e16c0aa]" started-at="2023-12-05T08:13:25 IST" name="launchBrowser" finished-at="2023-12-05T08:13:27 IST" duration-ms="2734" status="PASS">
          <reporter-output>
          </reporter-output>
        </test-method> <!-- launchBrowser -->
        <test-method signature="validatesignupfunct()[pri:0, instance:org.wipro.automation.uo.testcases.SignupScenario@1e16c0aa]" started-at="2023-12-05T08:13:27 IST" name="validatesignupfunct" finished-at="2023-12-05T08:13:29 IST" duration-ms="1167" status="PASS">
          <reporter-output>
          </reporter-output>
        </test-method> <!-- validatesignupfunct -->
        <test-method is-config="true" signature="closeBrowser()[pri:0, instance:org.wipro.automation.uo.testcases.SignupScenario@1e16c0aa]" started-at="2023-12-05T08:13:29 IST" name="closeBrowser" finished-at="2023-12-05T08:13:29 IST" duration-ms="297" status="PASS">
          <reporter-output>
          </reporter-output>
        </test-method> <!-- closeBrowser -->
      </class> <!-- org.wipro.automation.uo.testcases.SignupScenario -->
    </test> <!-- Test -->
  </suite> <!-- Suite -->
</testng-results>
