<?xml version="1.0" encoding="UTF-8"?>
<testng-results ignored="0" total="1" passed="1" failed="0" skipped="0">
  <reporter-output>
  </reporter-output>
  <suite started-at="2023-12-06T08:08:38 IST" name="Default suite" finished-at="2023-12-06T08:09:10 IST" duration-ms="32491">
    <groups>
    </groups>
    <test started-at="2023-12-06T08:08:38 IST" name="Default test" finished-at="2023-12-06T08:09:10 IST" duration-ms="32491">
      <class name="org.wipro.automation.uo.testcases.MenuScenario">
        <test-method is-config="true" signature="launchBrowser()[pri:0, instance:org.wipro.automation.uo.testcases.MenuScenario@5824a83d]" started-at="2023-12-06T08:08:38 IST" name="launchBrowser" finished-at="2023-12-06T08:08:46 IST" duration-ms="8630" status="PASS">
          <reporter-output>
          </reporter-output>
        </test-method> <!-- launchBrowser -->
        <test-method signature="validateloginfunct()[pri:0, instance:org.wipro.automation.uo.testcases.MenuScenario@5824a83d]" started-at="2023-12-06T08:08:46 IST" name="validateloginfunct" finished-at="2023-12-06T08:09:09 IST" duration-ms="23154" status="PASS">
          <reporter-output>
          </reporter-output>
        </test-method> <!-- validateloginfunct -->
        <test-method is-config="true" signature="closeBrowser()[pri:0, instance:org.wipro.automation.uo.testcases.MenuScenario@5824a83d]" started-at="2023-12-06T08:09:09 IST" name="closeBrowser" finished-at="2023-12-06T08:09:10 IST" duration-ms="622" status="PASS">
          <reporter-output>
          </reporter-output>
        </test-method> <!-- closeBrowser -->
      </class> <!-- org.wipro.automation.uo.testcases.MenuScenario -->
    </test> <!-- Default test -->
  </suite> <!-- Default suite -->
</testng-results>
